<?xml version="1.0" encoding="UTF-8"?>
<testsuite name="TestSuite" time="0.1" tests="11" errors="0" skipped="0" failures="0">
  <properties>
[...]
</properties>
  <testcase name="calculateGBCEAllShareIndex" classname="com.jpmorgan.simple.stocks.service.impl.SimpleStocksServiceImplTest" time="0.023"/>
  <testcase name="getStocksDataBase" classname="com.jpmorgan.simple.stocks.service.impl.SimpleStocksServiceImplTest" time="0.001"/>
  <testcase name="loadServiceAndDatabase" classname="com.jpmorgan.simple.stocks.util.SimpleStocksUtilTest" time="0.037"/>
  <testcase name="calculateDividendYieldAfterATrade" classname="com.jpmorgan.simple.stocks.model.StockTest" time="0.011"/>
  <testcase name="calculateDividendYieldBeforeAnyTrade" classname="com.jpmorgan.simple.stocks.model.StockTest" time="0.001"/>
  <testcase name="calculateDividendYieldPreferredStock" classname="com.jpmorgan.simple.stocks.model.StockTest" time="0.002"/>
  <testcase name="calculatePERatioAfterATrade" classname="com.jpmorgan.simple.stocks.model.StockTest" time="0.001"/>
  <testcase name="calculatePERatioBeforeAnyTrade" classname="com.jpmorgan.simple.stocks.model.StockTest" time="0.002"/>
  <testcase name="getStockId" classname="com.jpmorgan.simple.stocks.model.StockTest" time="0.02"/>
  <testcase name="lastTradedPriceAfterATrade" classname="com.jpmorgan.simple.stocks.model.StockTest" time="0.002"/>
  <testcase name="lastTradedPriceBeforeAnyTrade" classname="com.jpmorgan.simple.stocks.model.StockTest" time="0"/>
</testsuite>