<?xml version="1.0" encoding="UTF-8"?>
<!-- Generated by org.testng.reporters.JUnitXMLReporter -->
<testsuite hostname="veera" name="Command line test" tests="11" failures="0" timestamp="1 Nov 2016 10:38:19 GMT" time="0.242" errors="0">
  <testcase name="calculateGBCEAllShareIndex" time="0.035" classname="com.jpmorgan.simple.stocks.service.impl.SimpleStocksServiceImplTest"/>
  <testcase name="getStocksDataBase" time="0.007" classname="com.jpmorgan.simple.stocks.service.impl.SimpleStocksServiceImplTest"/>
  <testcase name="loadServiceAndDatabase" time="0.039" classname="com.jpmorgan.simple.stocks.util.SimpleStocksUtilTest"/>
  <testcase name="calculateDividendYieldAfterATrade" time="0.012" classname="com.jpmorgan.simple.stocks.model.StockTest"/>
  <testcase name="calculateDividendYieldBeforeAnyTrade" time="0.001" classname="com.jpmorgan.simple.stocks.model.StockTest"/>
  <testcase name="calculateDividendYieldPreferredStock" time="0.001" classname="com.jpmorgan.simple.stocks.model.StockTest"/>
  <testcase name="calculatePERatioAfterATrade" time="0.001" classname="com.jpmorgan.simple.stocks.model.StockTest"/>
  <testcase name="calculatePERatioBeforeAnyTrade" time="0.003" classname="com.jpmorgan.simple.stocks.model.StockTest"/>
  <testcase name="getStockId" time="0.003" classname="com.jpmorgan.simple.stocks.model.StockTest"/>
  <testcase name="lastTradedPriceAfterATrade" time="0.003" classname="com.jpmorgan.simple.stocks.model.StockTest"/>
  <testcase name="lastTradedPriceBeforeAnyTrade" time="0.001" classname="com.jpmorgan.simple.stocks.model.StockTest"/>
</testsuite> <!-- Command line test -->
