<?xml version="1.0" encoding="UTF-8"?>
<!-- Generated by org.testng.reporters.JUnitXMLReporter -->
<testsuite hostname="veera" name="Default test" tests="2" failures="0" timestamp="1 Nov 2016 09:52:39 GMT" time="0.25" errors="0">
  <testcase name="calculateGBCEAllShareIndex" time="0.053" classname="com.jpmorgan.simple.stocks.service.impl.SimpleStocksServiceImplTest"/>
  <testcase name="getStocksDataBase" time="0.007" classname="com.jpmorgan.simple.stocks.service.impl.SimpleStocksServiceImplTest"/>
</testsuite> <!-- Default test -->
